<?xml version="1.0" encoding="UTF-8"?>
<!-- Generated by org.testng.reporters.JUnitXMLReporter -->
<testsuite ignored="2" hostname="DESKTOP-R8C3CCQ" failures="0" tests="1" name="Sanity" time="3.819" errors="0" timestamp="2023-03-19T19:32:36 IST">
  <testcase classname="testng.NewTest3" name="testcase2" time="3.815"/>
  <testcase classname="testng.NewTest3" name="testcase1" time="0.0">
    <ignored/>
  </testcase> <!-- testcase1 -->
  <testcase classname="testng.NewTest3" name="testcase3" time="0.0">
    <ignored/>
  </testcase> <!-- testcase3 -->
</testsuite> <!-- Sanity -->
