<?xml version="1.0" encoding="UTF-8"?>
<!-- Generated by org.testng.reporters.JUnitXMLReporter -->
<testsuite ignored="2" hostname="DESKTOP-R8C3CCQ" failures="0" tests="1" name="Test2" time="6.984" errors="0" timestamp="2023-03-23T23:37:08 IST">
  <testcase classname="testng.NewTest3" name="testcase3" time="6.98"/>
  <testcase classname="testng.NewTest3" name="testcase1" time="0.0">
    <ignored/>
  </testcase> <!-- testcase1 -->
  <testcase classname="testng.NewTest3" name="testcase2" time="0.0">
    <ignored/>
  </testcase> <!-- testcase2 -->
</testsuite> <!-- Test2 -->
