<?xml version="1.0" encoding="UTF-8"?>
<testng-results ignored="0" total="1" passed="1" failed="0" skipped="0">
  <reporter-output>
  </reporter-output>
  <suite started-at="2023-03-31T10:48:41 IST" name="Default suite" finished-at="2023-03-31T10:48:42 IST" duration-ms="588">
    <groups>
    </groups>
    <test started-at="2023-03-31T10:48:41 IST" name="Default test" finished-at="2023-03-31T10:48:42 IST" duration-ms="588">
      <class name="jxl.ReadDataFromXls">
        <test-method signature="TestData()[pri:0, instance:jxl.ReadDataFromXls@1184ab05]" started-at="2023-03-31T10:48:42 IST" name="TestData" finished-at="2023-03-31T10:48:42 IST" duration-ms="527" status="PASS">
          <reporter-output>
          </reporter-output>
        </test-method> <!-- TestData -->
      </class> <!-- jxl.ReadDataFromXls -->
    </test> <!-- Default test -->
  </suite> <!-- Default suite -->
</testng-results>
