<?xml version="1.0" encoding="UTF-8"?>
<!-- Generated by org.testng.reporters.JUnitXMLReporter -->
<testsuite ignored="1" hostname="DESKTOP-R8C3CCQ" failures="0" tests="2" name="Regression" time="13.048" errors="0" timestamp="2023-03-19T19:32:49 IST">
  <testcase classname="testng.NewTest4" name="testcase2" time="3.58"/>
  <testcase classname="testng.NewTest4" name="testcase3" time="9.459"/>
  <testcase classname="testng.NewTest4" name="testcase1" time="0.0">
    <ignored/>
  </testcase> <!-- testcase1 -->
</testsuite> <!-- Regression -->
