<?xml version="1.0" encoding="UTF-8"?>
<!-- Generated by org.testng.reporters.JUnitXMLReporter -->
<testsuite ignored="3" hostname="DESKTOP-R8C3CCQ" failures="0" tests="0" time="0.001" errors="0" timestamp="2023-03-23T23:37:08 IST">
  <testcase classname="testng.NewTest4" name="testcase1" time="0.0">
    <ignored/>
  </testcase> <!-- testcase1 -->
  <testcase classname="testng.NewTest4" name="testcase2" time="0.0">
    <ignored/>
  </testcase> <!-- testcase2 -->
  <testcase classname="testng.NewTest4" name="testcase3" time="0.0">
    <ignored/>
  </testcase> <!-- testcase3 -->
</testsuite>
